mode: set
github.com/bancodebogota/bbog-dig-pl-go-mngr-template/src/utils/jwt/jwt.go:17.54,20.22 2 1
github.com/bancodebogota/bbog-dig-pl-go-mngr-template/src/utils/jwt/jwt.go:24.2,24.16 1 1
github.com/bancodebogota/bbog-dig-pl-go-mngr-template/src/utils/jwt/jwt.go:28.2,35.16 3 1
github.com/bancodebogota/bbog-dig-pl-go-mngr-template/src/utils/jwt/jwt.go:39.2,39.19 1 1
github.com/bancodebogota/bbog-dig-pl-go-mngr-template/src/utils/jwt/jwt.go:20.22,22.3 1 1
github.com/bancodebogota/bbog-dig-pl-go-mngr-template/src/utils/jwt/jwt.go:24.16,26.3 1 0
github.com/bancodebogota/bbog-dig-pl-go-mngr-template/src/utils/jwt/jwt.go:35.16,37.3 1 0
github.com/bancodebogota/bbog-dig-pl-go-mngr-template/src/utils/jwt/jwt.go:42.46,43.66 1 1
github.com/bancodebogota/bbog-dig-pl-go-mngr-template/src/utils/jwt/jwt.go:43.66,44.54 1 1
github.com/bancodebogota/bbog-dig-pl-go-mngr-template/src/utils/jwt/jwt.go:47.3,47.38 1 1
github.com/bancodebogota/bbog-dig-pl-go-mngr-template/src/utils/jwt/jwt.go:44.54,46.4 1 0
github.com/bancodebogota/bbog-dig-pl-go-mngr-template/src/utils/jwt/jwt.go:51.50,54.16 2 1
github.com/bancodebogota/bbog-dig-pl-go-mngr-template/src/utils/jwt/jwt.go:58.2,59.9 2 1
github.com/bancodebogota/bbog-dig-pl-go-mngr-template/src/utils/jwt/jwt.go:63.2,64.9 2 1
github.com/bancodebogota/bbog-dig-pl-go-mngr-template/src/utils/jwt/jwt.go:68.2,70.8 1 1
github.com/bancodebogota/bbog-dig-pl-go-mngr-template/src/utils/jwt/jwt.go:54.16,56.3 1 1
github.com/bancodebogota/bbog-dig-pl-go-mngr-template/src/utils/jwt/jwt.go:59.9,61.3 1 0
github.com/bancodebogota/bbog-dig-pl-go-mngr-template/src/utils/jwt/jwt.go:64.9,66.3 1 0
github.com/bancodebogota/bbog-dig-pl-go-mngr-template/src/utils/validator.go:13.49,16.16 2 1
github.com/bancodebogota/bbog-dig-pl-go-mngr-template/src/utils/validator.go:31.2,31.12 1 1
github.com/bancodebogota/bbog-dig-pl-go-mngr-template/src/utils/validator.go:16.16,18.56 2 1
github.com/bancodebogota/bbog-dig-pl-go-mngr-template/src/utils/validator.go:25.3,28.4 1 1
github.com/bancodebogota/bbog-dig-pl-go-mngr-template/src/utils/validator.go:18.56,23.4 1 1
github.com/bancodebogota/bbog-dig-pl-go-mngr-template/src/utils/validator.go:34.84,38.2 2 1
github.com/bancodebogota/bbog-dig-pl-go-mngr-template/src/utils/errors.go:12.50,15.37 2 0
github.com/bancodebogota/bbog-dig-pl-go-mngr-template/src/utils/errors.go:19.2,22.4 1 0
github.com/bancodebogota/bbog-dig-pl-go-mngr-template/src/utils/errors.go:15.37,17.3 1 0
github.com/bancodebogota/bbog-dig-pl-go-mngr-template/src/utils/fiber.go:7.63,8.45 1 0
github.com/bancodebogota/bbog-dig-pl-go-mngr-template/src/utils/fiber.go:12.2,12.12 1 0
github.com/bancodebogota/bbog-dig-pl-go-mngr-template/src/utils/fiber.go:8.45,10.3 1 0
github.com/bancodebogota/bbog-dig-pl-go-mngr-template/src/utils/fiber.go:15.74,16.45 1 0
github.com/bancodebogota/bbog-dig-pl-go-mngr-template/src/utils/fiber.go:20.2,20.23 1 0
github.com/bancodebogota/bbog-dig-pl-go-mngr-template/src/utils/fiber.go:16.45,18.3 1 0
github.com/bancodebogota/bbog-dig-pl-go-mngr-template/src/utils/fiber.go:23.34,26.2 2 0
github.com/bancodebogota/bbog-dig-pl-go-mngr-template/src/utils/password/password.go:5.34,8.16 2 1
github.com/bancodebogota/bbog-dig-pl-go-mngr-template/src/utils/password/password.go:12.2,12.21 1 1
github.com/bancodebogota/bbog-dig-pl-go-mngr-template/src/utils/password/password.go:8.16,9.13 1 0
github.com/bancodebogota/bbog-dig-pl-go-mngr-template/src/utils/password/password.go:15.44,17.2 1 1
github.com/bancodebogota/bbog-dig-pl-go-mngr-template/main.go:15.13,19.2 2 0
github.com/bancodebogota/bbog-dig-pl-go-mngr-template/main.go:21.25,31.40 5 1
github.com/bancodebogota/bbog-dig-pl-go-mngr-template/main.go:34.2,34.46 1 1
github.com/bancodebogota/bbog-dig-pl-go-mngr-template/main.go:38.2,41.12 3 1
github.com/bancodebogota/bbog-dig-pl-go-mngr-template/main.go:31.40,33.3 1 1
github.com/bancodebogota/bbog-dig-pl-go-mngr-template/main.go:34.46,36.3 1 1
